# JRE version: OpenJDK Runtime Environment Temurin-17.0.4.1+1 (17.0.4.1+1) (build 17.0.4.1+1)
# Java VM: OpenJDK 64-Bit Server VM Temurin-17.0.4.1+1 (17.0.4.1+1, mixed mode, tiered, compressed oops, compressed class ptrs, g1 gc, windows-amd64)
GC Precious Log:
 CPUs: 8 total, 8 available
 Memory: 7106M
 Large Page Support: Disabled
 NUMA Support: Disabled
 Compressed Oops: Enabled (32-bit)
 Heap Region Size: 1M
 Heap Min Capacity: 8M
 Heap Initial Capacity: 112M
 Heap Max Capacity: 1778M
 Pre-touch: Disabled
 Parallel Workers: 8
 Concurrent Workers: 2
 Concurrent Refinement Workers: 8
 Periodic GC: Disabled
Heap:
 garbage-first heap   total 488448K, used 430337K [0x0000000090e00000, 0x0000000100000000)
  region size 1024K, 17 young (17408K), 3 survivors (3072K)
 Metaspace       used 13974K, committed 14080K, reserved 1064960K
  class space    used 1098K, committed 1152K, reserved 1048576K
GC Heap History (20 events):
Event: 1269.878 GC heap before
{Heap before GC invocations=282 (full 0):
 garbage-first heap   total 488448K, used 433766K [0x0000000090e00000, 0x0000000100000000)
  region size 1024K, 31 young (31744K), 4 survivors (4096K)
 Metaspace       used 13974K, committed 14080K, reserved 1064960K
  class space    used 1098K, committed 1152K, reserved 1048576K
}
Event: 1269.883 GC heap after
{Heap after GC invocations=283 (full 0):
 garbage-first heap   total 488448K, used 407383K [0x0000000090e00000, 0x0000000100000000)
  region size 1024K, 3 young (3072K), 3 survivors (3072K)
 Metaspace       used 13974K, committed 14080K, reserved 1064960K
  class space    used 1098K, committed 1152K, reserved 1048576K
}
Event: 1274.228 GC heap before
{Heap before GC invocations=283 (full 0):
 garbage-first heap   total 488448K, used 435031K [0x0000000090e00000, 0x0000000100000000)
  region size 1024K, 30 young (30720K), 3 survivors (3072K)
 Metaspace       used 13974K, committed 14080K, reserved 1064960K
  class space    used 1098K, committed 1152K, reserved 1048576K
}
Event: 1274.230 GC heap after
{Heap after GC invocations=284 (full 0):
 garbage-first heap   total 488448K, used 408825K [0x0000000090e00000, 0x0000000100000000)
  region size 1024K, 3 young (3072K), 3 survivors (3072K)
 Metaspace       used 13974K, committed 14080K, reserved 1064960K
  class space    used 1098K, committed 1152K, reserved 1048576K
}
Event: 1278.246 GC heap before
{Heap before GC invocations=284 (full 0):
 garbage-first heap   total 488448K, used 434425K [0x0000000090e00000, 0x0000000100000000)
  region size 1024K, 28 young (28672K), 3 survivors (3072K)
 Metaspace       used 13974K, committed 14080K, reserved 1064960K
  class space    used 1098K, committed 1152K, reserved 1048576K
}
Event: 1278.248 GC heap after
{Heap after GC invocations=285 (full 0):
 garbage-first heap   total 488448K, used 410297K [0x0000000090e00000, 0x0000000100000000)
  region size 1024K, 3 young (3072K), 3 survivors (3072K)
 Metaspace       used 13974K, committed 14080K, reserved 1064960K
  class space    used 1098K, committed 1152K, reserved 1048576K
}
Event: 1282.128 GC heap before
{Heap before GC invocations=285 (full 0):
 garbage-first heap   total 488448K, used 434873K [0x0000000090e00000, 0x0000000100000000)
  region size 1024K, 27 young (27648K), 3 survivors (3072K)
 Metaspace       used 13974K, committed 14080K, reserved 1064960K
  class space    used 1098K, committed 1152K, reserved 1048576K
}
Event: 1282.131 GC heap after
{Heap after GC invocations=286 (full 0):
 garbage-first heap   total 488448K, used 411556K [0x0000000090e00000, 0x0000000100000000)
  region size 1024K, 3 young (3072K), 3 survivors (3072K)
 Metaspace       used 13974K, committed 14080K, reserved 1064960K
  class space    used 1098K, committed 1152K, reserved 1048576K
}
Event: 1285.680 GC heap before
{Heap before GC invocations=286 (full 0):
 garbage-first heap   total 488448K, used 433060K [0x0000000090e00000, 0x0000000100000000)
  region size 1024K, 25 young (25600K), 3 survivors (3072K)
 Metaspace       used 13974K, committed 14080K, reserved 1064960K
  class space    used 1098K, committed 1152K, reserved 1048576K
}
Event: 1285.682 GC heap after
{Heap after GC invocations=287 (full 0):
 garbage-first heap   total 488448K, used 412647K [0x0000000090e00000, 0x0000000100000000)
  region size 1024K, 3 young (3072K), 3 survivors (3072K)
 Metaspace       used 13974K, committed 14080K, reserved 1064960K
  class space    used 1098K, committed 1152K, reserved 1048576K
}
Event: 1289.229 GC heap before
{Heap before GC invocations=287 (full 0):
 garbage-first heap   total 488448K, used 434151K [0x0000000090e00000, 0x0000000100000000)
  region size 1024K, 25 young (25600K), 3 survivors (3072K)
 Metaspace       used 13974K, committed 14080K, reserved 1064960K
  class space    used 1098K, committed 1152K, reserved 1048576K
}
Event: 1289.231 GC heap after
{Heap after GC invocations=288 (full 0):
 garbage-first heap   total 488448K, used 413835K [0x0000000090e00000, 0x0000000100000000)
  region size 1024K, 3 young (3072K), 3 survivors (3072K)
 Metaspace       used 13974K, committed 14080K, reserved 1064960K
  class space    used 1098K, committed 1152K, reserved 1048576K
}
Event: 1292.613 GC heap before
{Heap before GC invocations=288 (full 0):
 garbage-first heap   total 488448K, used 435339K [0x0000000090e00000, 0x0000000100000000)
  region size 1024K, 24 young (24576K), 3 survivors (3072K)
 Metaspace       used 13974K, committed 14080K, reserved 1064960K
  class space    used 1098K, committed 1152K, reserved 1048576K
}
Event: 1292.614 GC heap after
{Heap after GC invocations=289 (full 0):
 garbage-first heap   total 488448K, used 414929K [0x0000000090e00000, 0x0000000100000000)
  region size 1024K, 3 young (3072K), 3 survivors (3072K)
 Metaspace       used 13974K, committed 14080K, reserved 1064960K
  class space    used 1098K, committed 1152K, reserved 1048576K
}
Event: 1295.830 GC heap before
{Heap before GC invocations=289 (full 0):
 garbage-first heap   total 488448K, used 434385K [0x0000000090e00000, 0x0000000100000000)
  region size 1024K, 23 young (23552K), 3 survivors (3072K)
 Metaspace       used 13974K, committed 14080K, reserved 1064960K
  class space    used 1098K, committed 1152K, reserved 1048576K
}
Event: 1295.831 GC heap after
{Heap after GC invocations=290 (full 0):
 garbage-first heap   total 488448K, used 416048K [0x0000000090e00000, 0x0000000100000000)
  region size 1024K, 3 young (3072K), 3 survivors (3072K)
 Metaspace       used 13974K, committed 14080K, reserved 1064960K
  class space    used 1098K, committed 1152K, reserved 1048576K
}
Event: 1299.046 GC heap before
{Heap before GC invocations=290 (full 0):
 garbage-first heap   total 488448K, used 435504K [0x0000000090e00000, 0x0000000100000000)
  region size 1024K, 23 young (23552K), 3 survivors (3072K)
 Metaspace       used 13974K, committed 14080K, reserved 1064960K
  class space    used 1098K, committed 1152K, reserved 1048576K
}
Event: 1299.048 GC heap after
{Heap after GC invocations=291 (full 0):
 garbage-first heap   total 488448K, used 417111K [0x0000000090e00000, 0x0000000100000000)
  region size 1024K, 3 young (3072K), 3 survivors (3072K)
 Metaspace       used 13974K, committed 14080K, reserved 1064960K
  class space    used 1098K, committed 1152K, reserved 1048576K
}
Event: 1302.263 GC heap before
{Heap before GC invocations=291 (full 0):
 garbage-first heap   total 488448K, used 436567K [0x0000000090e00000, 0x0000000100000000)
  region size 1024K, 23 young (23552K), 3 survivors (3072K)
 Metaspace       used 13974K, committed 14080K, reserved 1064960K
  class space    used 1098K, committed 1152K, reserved 1048576K
}
Event: 1302.264 GC heap after
{Heap after GC invocations=292 (full 0):
 garbage-first heap   total 488448K, used 418049K [0x0000000090e00000, 0x0000000100000000)
  region size 1024K, 3 young (3072K), 3 survivors (3072K)
 Metaspace       used 13974K, committed 14080K, reserved 1064960K
  class space    used 1098K, committed 1152K, reserved 1048576K
}

