# JRE version: OpenJDK Runtime Environment Temurin-17.0.2+8 (17.0.2+8) (build 17.0.2+8)
# Java VM: OpenJDK 64-Bit Server VM Temurin-17.0.2+8 (17.0.2+8, mixed mode, tiered, compressed oops, compressed class ptrs, g1 gc, windows-amd64)
GC Precious Log:
 CPUs: 12 total, 12 available
 Memory: 16191M
 Large Page Support: Disabled
 NUMA Support: Disabled
 Compressed Oops: Enabled (Zero based)
 Heap Region Size: 2M
 Heap Min Capacity: 8M
 Heap Initial Capacity: 254M
 Heap Max Capacity: 4048M
 Pre-touch: Disabled
 Parallel Workers: 10
 Concurrent Workers: 3
 Concurrent Refinement Workers: 10
 Periodic GC: Disabled
Heap:
 garbage-first heap   total 481280K, used 416845K [0x0000000703000000, 0x0000000800000000)
  region size 2048K, 11 young (22528K), 2 survivors (4096K)
 Metaspace       used 12801K, committed 12928K, reserved 1064960K
  class space    used 1001K, committed 1024K, reserved 1048576K
GC Heap History (20 events):
Event: 658.222 GC heap before
{Heap before GC invocations=136 (full 0):
 garbage-first heap   total 481280K, used 425421K [0x0000000703000000, 0x0000000800000000)
  region size 2048K, 22 young (45056K), 3 survivors (6144K)
 Metaspace       used 12801K, committed 12928K, reserved 1064960K
  class space    used 1001K, committed 1024K, reserved 1048576K
}
Event: 658.226 GC heap after
{Heap after GC invocations=137 (full 0):
 garbage-first heap   total 481280K, used 388472K [0x0000000703000000, 0x0000000800000000)
  region size 2048K, 3 young (6144K), 3 survivors (6144K)
 Metaspace       used 12801K, committed 12928K, reserved 1064960K
  class space    used 1001K, committed 1024K, reserved 1048576K
}
Event: 661.278 GC heap before
{Heap before GC invocations=137 (full 0):
 garbage-first heap   total 481280K, used 423288K [0x0000000703000000, 0x0000000800000000)
  region size 2048K, 20 young (40960K), 3 survivors (6144K)
 Metaspace       used 12801K, committed 12928K, reserved 1064960K
  class space    used 1001K, committed 1024K, reserved 1048576K
}
Event: 661.283 GC heap after
{Heap after GC invocations=138 (full 0):
 garbage-first heap   total 481280K, used 390331K [0x0000000703000000, 0x0000000800000000)
  region size 2048K, 3 young (6144K), 3 survivors (6144K)
 Metaspace       used 12801K, committed 12928K, reserved 1064960K
  class space    used 1001K, committed 1024K, reserved 1048576K
}
Event: 664.194 GC heap before
{Heap before GC invocations=138 (full 0):
 garbage-first heap   total 481280K, used 421051K [0x0000000703000000, 0x0000000800000000)
  region size 2048K, 19 young (38912K), 3 survivors (6144K)
 Metaspace       used 12801K, committed 12928K, reserved 1064960K
  class space    used 1001K, committed 1024K, reserved 1048576K
}
Event: 664.198 GC heap after
{Heap after GC invocations=139 (full 0):
 garbage-first heap   total 481280K, used 391918K [0x0000000703000000, 0x0000000800000000)
  region size 2048K, 2 young (4096K), 2 survivors (4096K)
 Metaspace       used 12801K, committed 12928K, reserved 1064960K
  class space    used 1001K, committed 1024K, reserved 1048576K
}
Event: 667.076 GC heap before
{Heap before GC invocations=139 (full 0):
 garbage-first heap   total 481280K, used 422638K [0x0000000703000000, 0x0000000800000000)
  region size 2048K, 18 young (36864K), 2 survivors (4096K)
 Metaspace       used 12801K, committed 12928K, reserved 1064960K
  class space    used 1001K, committed 1024K, reserved 1048576K
}
Event: 667.080 GC heap after
{Heap after GC invocations=140 (full 0):
 garbage-first heap   total 481280K, used 393616K [0x0000000703000000, 0x0000000800000000)
  region size 2048K, 2 young (4096K), 2 survivors (4096K)
 Metaspace       used 12801K, committed 12928K, reserved 1064960K
  class space    used 1001K, committed 1024K, reserved 1048576K
}
Event: 669.808 GC heap before
{Heap before GC invocations=140 (full 0):
 garbage-first heap   total 481280K, used 424336K [0x0000000703000000, 0x0000000800000000)
  region size 2048K, 17 young (34816K), 2 survivors (4096K)
 Metaspace       used 12801K, committed 12928K, reserved 1064960K
  class space    used 1001K, committed 1024K, reserved 1048576K
}
Event: 669.812 GC heap after
{Heap after GC invocations=141 (full 0):
 garbage-first heap   total 481280K, used 395177K [0x0000000703000000, 0x0000000800000000)
  region size 2048K, 2 young (4096K), 2 survivors (4096K)
 Metaspace       used 12801K, committed 12928K, reserved 1064960K
  class space    used 1001K, committed 1024K, reserved 1048576K
}
Event: 672.345 GC heap before
{Heap before GC invocations=141 (full 0):
 garbage-first heap   total 481280K, used 421801K [0x0000000703000000, 0x0000000800000000)
  region size 2048K, 16 young (32768K), 2 survivors (4096K)
 Metaspace       used 12801K, committed 12928K, reserved 1064960K
  class space    used 1001K, committed 1024K, reserved 1048576K
}
Event: 672.349 GC heap after
{Heap after GC invocations=142 (full 0):
 garbage-first heap   total 481280K, used 396881K [0x0000000703000000, 0x0000000800000000)
  region size 2048K, 2 young (4096K), 2 survivors (4096K)
 Metaspace       used 12801K, committed 12928K, reserved 1064960K
  class space    used 1001K, committed 1024K, reserved 1048576K
}
Event: 674.960 GC heap before
{Heap before GC invocations=142 (full 0):
 garbage-first heap   total 481280K, used 423505K [0x0000000703000000, 0x0000000800000000)
  region size 2048K, 16 young (32768K), 2 survivors (4096K)
 Metaspace       used 12801K, committed 12928K, reserved 1064960K
  class space    used 1001K, committed 1024K, reserved 1048576K
}
Event: 674.963 GC heap after
{Heap after GC invocations=143 (full 0):
 garbage-first heap   total 481280K, used 398271K [0x0000000703000000, 0x0000000800000000)
  region size 2048K, 2 young (4096K), 2 survivors (4096K)
 Metaspace       used 12801K, committed 12928K, reserved 1064960K
  class space    used 1001K, committed 1024K, reserved 1048576K
}
Event: 677.542 GC heap before
{Heap before GC invocations=143 (full 0):
 garbage-first heap   total 481280K, used 424895K [0x0000000703000000, 0x0000000800000000)
  region size 2048K, 16 young (32768K), 2 survivors (4096K)
 Metaspace       used 12801K, committed 12928K, reserved 1064960K
  class space    used 1001K, committed 1024K, reserved 1048576K
}
Event: 677.545 GC heap after
{Heap after GC invocations=144 (full 0):
 garbage-first heap   total 481280K, used 399839K [0x0000000703000000, 0x0000000800000000)
  region size 2048K, 2 young (4096K), 2 survivors (4096K)
 Metaspace       used 12801K, committed 12928K, reserved 1064960K
  class space    used 1001K, committed 1024K, reserved 1048576K
}
Event: 679.953 GC heap before
{Heap before GC invocations=144 (full 0):
 garbage-first heap   total 481280K, used 426463K [0x0000000703000000, 0x0000000800000000)
  region size 2048K, 15 young (30720K), 2 survivors (4096K)
 Metaspace       used 12801K, committed 12928K, reserved 1064960K
  class space    used 1001K, committed 1024K, reserved 1048576K
}
Event: 679.957 GC heap after
{Heap after GC invocations=145 (full 0):
 garbage-first heap   total 481280K, used 401224K [0x0000000703000000, 0x0000000800000000)
  region size 2048K, 2 young (4096K), 2 survivors (4096K)
 Metaspace       used 12801K, committed 12928K, reserved 1064960K
  class space    used 1001K, committed 1024K, reserved 1048576K
}
Event: 682.166 GC heap before
{Heap before GC invocations=145 (full 0):
 garbage-first heap   total 481280K, used 423752K [0x0000000703000000, 0x0000000800000000)
  region size 2048K, 14 young (28672K), 2 survivors (4096K)
 Metaspace       used 12801K, committed 12928K, reserved 1064960K
  class space    used 1001K, committed 1024K, reserved 1048576K
}
Event: 682.169 GC heap after
{Heap after GC invocations=146 (full 0):
 garbage-first heap   total 481280K, used 402509K [0x0000000703000000, 0x0000000800000000)
  region size 2048K, 2 young (4096K), 2 survivors (4096K)
 Metaspace       used 12801K, committed 12928K, reserved 1064960K
  class space    used 1001K, committed 1024K, reserved 1048576K
}

