# JRE version: OpenJDK Runtime Environment Temurin-17.0.4.1+1 (17.0.4.1+1) (build 17.0.4.1+1)
# Java VM: OpenJDK 64-Bit Server VM Temurin-17.0.4.1+1 (17.0.4.1+1, mixed mode, tiered, compressed oops, compressed class ptrs, g1 gc, windows-amd64)
GC Precious Log:
 CPUs: 8 total, 8 available
 Memory: 7106M
 Large Page Support: Disabled
 NUMA Support: Disabled
 Compressed Oops: Enabled (32-bit)
 Heap Region Size: 1M
 Heap Min Capacity: 8M
 Heap Initial Capacity: 112M
 Heap Max Capacity: 1778M
 Pre-touch: Disabled
 Parallel Workers: 8
 Concurrent Workers: 2
 Concurrent Refinement Workers: 8
 Periodic GC: Disabled
Heap:
 garbage-first heap   total 211968K, used 163202K [0x0000000090e00000, 0x0000000100000000)
  region size 1024K, 39 young (39936K), 7 survivors (7168K)
 Metaspace       used 13923K, committed 14080K, reserved 1064960K
  class space    used 1095K, committed 1152K, reserved 1048576K
GC Heap History (20 events):
Event: 375.552 GC heap before
{Heap before GC invocations=103 (full 0):
 garbage-first heap   total 140288K, used 128475K [0x0000000090e00000, 0x0000000100000000)
  region size 1024K, 6 young (6144K), 1 survivors (1024K)
 Metaspace       used 13923K, committed 14080K, reserved 1064960K
  class space    used 1095K, committed 1152K, reserved 1048576K
}
Event: 375.553 GC heap after
{Heap after GC invocations=104 (full 0):
 garbage-first heap   total 140288K, used 123615K [0x0000000090e00000, 0x0000000100000000)
  region size 1024K, 1 young (1024K), 1 survivors (1024K)
 Metaspace       used 13923K, committed 14080K, reserved 1064960K
  class space    used 1095K, committed 1152K, reserved 1048576K
}
Event: 376.351 GC heap before
{Heap before GC invocations=104 (full 0):
 garbage-first heap   total 140288K, used 128735K [0x0000000090e00000, 0x0000000100000000)
  region size 1024K, 6 young (6144K), 1 survivors (1024K)
 Metaspace       used 13923K, committed 14080K, reserved 1064960K
  class space    used 1095K, committed 1152K, reserved 1048576K
}
Event: 376.352 GC heap after
{Heap after GC invocations=105 (full 0):
 garbage-first heap   total 140288K, used 123907K [0x0000000090e00000, 0x0000000100000000)
  region size 1024K, 1 young (1024K), 1 survivors (1024K)
 Metaspace       used 13923K, committed 14080K, reserved 1064960K
  class space    used 1095K, committed 1152K, reserved 1048576K
}
Event: 377.151 GC heap before
{Heap before GC invocations=105 (full 0):
 garbage-first heap   total 140288K, used 129027K [0x0000000090e00000, 0x0000000100000000)
  region size 1024K, 6 young (6144K), 1 survivors (1024K)
 Metaspace       used 13923K, committed 14080K, reserved 1064960K
  class space    used 1095K, committed 1152K, reserved 1048576K
}
Event: 377.151 GC heap after
{Heap after GC invocations=106 (full 0):
 garbage-first heap   total 140288K, used 124167K [0x0000000090e00000, 0x0000000100000000)
  region size 1024K, 1 young (1024K), 1 survivors (1024K)
 Metaspace       used 13923K, committed 14080K, reserved 1064960K
  class space    used 1095K, committed 1152K, reserved 1048576K
}
Event: 377.951 GC heap before
{Heap before GC invocations=106 (full 0):
 garbage-first heap   total 140288K, used 129287K [0x0000000090e00000, 0x0000000100000000)
  region size 1024K, 6 young (6144K), 1 survivors (1024K)
 Metaspace       used 13923K, committed 14080K, reserved 1064960K
  class space    used 1095K, committed 1152K, reserved 1048576K
}
Event: 377.952 GC heap after
{Heap after GC invocations=107 (full 0):
 garbage-first heap   total 140288K, used 124444K [0x0000000090e00000, 0x0000000100000000)
  region size 1024K, 1 young (1024K), 1 survivors (1024K)
 Metaspace       used 13923K, committed 14080K, reserved 1064960K
  class space    used 1095K, committed 1152K, reserved 1048576K
}
Event: 378.751 GC heap before
{Heap before GC invocations=107 (full 0):
 garbage-first heap   total 140288K, used 129564K [0x0000000090e00000, 0x0000000100000000)
  region size 1024K, 6 young (6144K), 1 survivors (1024K)
 Metaspace       used 13923K, committed 14080K, reserved 1064960K
  class space    used 1095K, committed 1152K, reserved 1048576K
}
Event: 378.752 GC heap after
{Heap after GC invocations=108 (full 0):
 garbage-first heap   total 140288K, used 124738K [0x0000000090e00000, 0x0000000100000000)
  region size 1024K, 1 young (1024K), 1 survivors (1024K)
 Metaspace       used 13923K, committed 14080K, reserved 1064960K
  class space    used 1095K, committed 1152K, reserved 1048576K
}
Event: 379.551 GC heap before
{Heap before GC invocations=108 (full 0):
 garbage-first heap   total 140288K, used 129858K [0x0000000090e00000, 0x0000000100000000)
  region size 1024K, 6 young (6144K), 1 survivors (1024K)
 Metaspace       used 13923K, committed 14080K, reserved 1064960K
  class space    used 1095K, committed 1152K, reserved 1048576K
}
Event: 379.567 GC heap after
{Heap after GC invocations=109 (full 0):
 garbage-first heap   total 140288K, used 124964K [0x0000000090e00000, 0x0000000100000000)
  region size 1024K, 1 young (1024K), 1 survivors (1024K)
 Metaspace       used 13923K, committed 14080K, reserved 1064960K
  class space    used 1095K, committed 1152K, reserved 1048576K
}
Event: 381.001 GC heap before
{Heap before GC invocations=110 (full 0):
 garbage-first heap   total 211968K, used 134180K [0x0000000090e00000, 0x0000000100000000)
  region size 1024K, 10 young (10240K), 1 survivors (1024K)
 Metaspace       used 13923K, committed 14080K, reserved 1064960K
  class space    used 1095K, committed 1152K, reserved 1048576K
}
Event: 381.003 GC heap after
{Heap after GC invocations=111 (full 0):
 garbage-first heap   total 211968K, used 125443K [0x0000000090e00000, 0x0000000100000000)
  region size 1024K, 2 young (2048K), 2 survivors (2048K)
 Metaspace       used 13923K, committed 14080K, reserved 1064960K
  class space    used 1095K, committed 1152K, reserved 1048576K
}
Event: 382.284 GC heap before
{Heap before GC invocations=111 (full 0):
 garbage-first heap   total 211968K, used 132611K [0x0000000090e00000, 0x0000000100000000)
  region size 1024K, 10 young (10240K), 2 survivors (2048K)
 Metaspace       used 13923K, committed 14080K, reserved 1064960K
  class space    used 1095K, committed 1152K, reserved 1048576K
}
Event: 382.286 GC heap after
{Heap after GC invocations=112 (full 0):
 garbage-first heap   total 211968K, used 125685K [0x0000000090e00000, 0x0000000100000000)
  region size 1024K, 2 young (2048K), 2 survivors (2048K)
 Metaspace       used 13923K, committed 14080K, reserved 1064960K
  class space    used 1095K, committed 1152K, reserved 1048576K
}
Event: 390.935 GC heap before
{Heap before GC invocations=112 (full 0):
 garbage-first heap   total 211968K, used 180981K [0x0000000090e00000, 0x0000000100000000)
  region size 1024K, 56 young (57344K), 2 survivors (2048K)
 Metaspace       used 13923K, committed 14080K, reserved 1064960K
  class space    used 1095K, committed 1152K, reserved 1048576K
}
Event: 390.938 GC heap after
{Heap after GC invocations=113 (full 0):
 garbage-first heap   total 211968K, used 128753K [0x0000000090e00000, 0x0000000100000000)
  region size 1024K, 5 young (5120K), 5 survivors (5120K)
 Metaspace       used 13923K, committed 14080K, reserved 1064960K
  class space    used 1095K, committed 1152K, reserved 1048576K
}
Event: 399.152 GC heap before
{Heap before GC invocations=113 (full 0):
 garbage-first heap   total 211968K, used 180977K [0x0000000090e00000, 0x0000000100000000)
  region size 1024K, 56 young (57344K), 5 survivors (5120K)
 Metaspace       used 13923K, committed 14080K, reserved 1064960K
  class space    used 1095K, committed 1152K, reserved 1048576K
}
Event: 399.156 GC heap after
{Heap after GC invocations=114 (full 0):
 garbage-first heap   total 211968K, used 131458K [0x0000000090e00000, 0x0000000100000000)
  region size 1024K, 7 young (7168K), 7 survivors (7168K)
 Metaspace       used 13923K, committed 14080K, reserved 1064960K
  class space    used 1095K, committed 1152K, reserved 1048576K
}

